<?xml version="1.0" encoding="UTF-8"?>
<testsuite name="BadgeTest" tests="4" skipped="0" failures="4" errors="0" timestamp="2025-11-29T15:25:26" hostname="Joses-MacBook-Air.local" time="0.013">
  <properties/>
  <testcase name="Printing a badge for the owner" classname="BadgeTest" time="0.009">
    <failure message="java.lang.UnsupportedOperationException: Please implement the Badge.print() method" type="java.lang.UnsupportedOperationException">java.lang.UnsupportedOperationException: Please implement the Badge.print() method
	at Badge.print(Badge.java:3)
	at BadgeTest.labelForOwner(BadgeTest.java:30)
	at java.base/java.lang.reflect.Method.invoke(Method.java:569)
	at java.base/java.util.ArrayList.forEach(ArrayList.java:1511)
	at java.base/java.util.ArrayList.forEach(ArrayList.java:1511)
</failure>
  </testcase>
  <testcase name="Printing a badge for a new employee" classname="BadgeTest" time="0.001">
    <failure message="java.lang.UnsupportedOperationException: Please implement the Badge.print() method" type="java.lang.UnsupportedOperationException">java.lang.UnsupportedOperationException: Please implement the Badge.print() method
	at Badge.print(Badge.java:3)
	at BadgeTest.labelForNewEmployee(BadgeTest.java:22)
	at java.base/java.lang.reflect.Method.invoke(Method.java:569)
	at java.base/java.util.ArrayList.forEach(ArrayList.java:1511)
	at java.base/java.util.ArrayList.forEach(ArrayList.java:1511)
</failure>
  </testcase>
  <testcase name="Printing a badge for an employee" classname="BadgeTest" time="0.001">
    <failure message="java.lang.UnsupportedOperationException: Please implement the Badge.print() method" type="java.lang.UnsupportedOperationException">java.lang.UnsupportedOperationException: Please implement the Badge.print() method
	at Badge.print(Badge.java:3)
	at BadgeTest.labelForEmployee(BadgeTest.java:13)
	at java.base/java.lang.reflect.Method.invoke(Method.java:569)
	at java.base/java.util.ArrayList.forEach(ArrayList.java:1511)
	at java.base/java.util.ArrayList.forEach(ArrayList.java:1511)
</failure>
  </testcase>
  <testcase name="Printing a badge for the owner who is a new employee" classname="BadgeTest" time="0.001">
    <failure message="java.lang.UnsupportedOperationException: Please implement the Badge.print() method" type="java.lang.UnsupportedOperationException">java.lang.UnsupportedOperationException: Please implement the Badge.print() method
	at Badge.print(Badge.java:3)
	at BadgeTest.labelForNewOwner(BadgeTest.java:38)
	at java.base/java.lang.reflect.Method.invoke(Method.java:569)
	at java.base/java.util.ArrayList.forEach(ArrayList.java:1511)
	at java.base/java.util.ArrayList.forEach(ArrayList.java:1511)
</failure>
  </testcase>
  <system-out><![CDATA[]]></system-out>
  <system-err><![CDATA[]]></system-err>
</testsuite>
