<?xml version="1.0" encoding="UTF-8"?>
<testsuite name="BadgeTest" tests="4" skipped="0" failures="0" errors="0" timestamp="2025-11-29T15:40:47" hostname="Joses-MacBook-Air.local" time="0.039">
  <properties/>
  <testcase name="Printing a badge for the owner" classname="BadgeTest" time="0.036"/>
  <testcase name="Printing a badge for a new employee" classname="BadgeTest" time="0.0"/>
  <testcase name="Printing a badge for an employee" classname="BadgeTest" time="0.0"/>
  <testcase name="Printing a badge for the owner who is a new employee" classname="BadgeTest" time="0.0"/>
  <system-out><![CDATA[]]></system-out>
  <system-err><![CDATA[]]></system-err>
</testsuite>
